{"C:\\Users\\james\\Master\\BrightHub\\Development\\Aplio-Design-System-Platform\\foundbright-parent-12\\js-aplio-12-roo1\\components\\home\\sections\\HeroSection\\HeroSection.tsx": {"path":"C:\\Users\\james\\Master\\BrightHub\\Development\\Aplio-Design-System-Platform\\foundbright-parent-12\\js-aplio-12-roo1\\components\\home\\sections\\HeroSection\\HeroSection.tsx","statementMap":{"0":{"start":{"line":8,"column":24},"end":{"line":8,"column":null}},"1":{"start":{"line":3,"column":23},"end":{"line":3,"column":null}},"2":{"start":{"line":4,"column":23},"end":{"line":4,"column":null}},"3":{"start":{"line":5,"column":32},"end":{"line":5,"column":null}},"4":{"start":{"line":6,"column":27},"end":{"line":6,"column":null}},"5":{"start":{"line":9,"column":14},"end":{"line":9,"column":null}},"6":{"start":{"line":10,"column":27},"end":{"line":10,"column":null}}},"fnMap":{"0":{"name":"HeroSection","decl":{"start":{"line":8,"column":24},"end":{"line":8,"column":null}},"loc":{"start":{"line":8,"column":24},"end":{"line":27,"column":null}}}},"branchMap":{},"s":{"0":7,"1":2,"2":2,"3":2,"4":2,"5":7,"6":7},"f":{"0":7},"b":{}}
}
